<?xml version="1.0" encoding="UTF-8"?>
<!-- Generated by org.testng.reporters.JUnitReportReporter -->
<testsuite skipped="0" hostname="ELF-DarshanaKumari" name="automationScripts.TC_002ApparelAndShoesTest" tests="1" failures="0" timestamp="2022-03-02T11:32:51 IST" time="27.974" errors="0">
  <testcase name="apparelAndShoes1" time="27.974" classname="automationScripts.TC_002ApparelAndShoesTest"/>
  <system-out/>
</testsuite> <!-- automationScripts.TC_002ApparelAndShoesTest -->
