<?xml version="1.0" encoding="UTF-8"?>
<!-- Generated by org.testng.reporters.JUnitReportReporter -->
<testsuite skipped="0" hostname="ELF-DarshanaKumari" name="automationScripts.TC_001ApparelAndShoesTest" tests="1" failures="0" timestamp="2022-03-02T11:32:12 IST" time="28.840" errors="0">
  <testcase name="apparelAndShoes" time="28.840" classname="automationScripts.TC_001ApparelAndShoesTest"/>
  <system-out/>
</testsuite> <!-- automationScripts.TC_001ApparelAndShoesTest -->
